<?xml version="1.0" encoding="UTF-8"?>
<testsuite xmlns:xsi="http://www.w3.org/2001/XMLSchema-instance" xsi:noNamespaceSchemaLocation="https://maven.apache.org/surefire/maven-surefire-plugin/xsd/surefire-test-report.xsd" name="edu.escuelaing.arem.clima.mainTest" time="2.239" tests="5" errors="0" skipped="0" failures="0">
  <properties>
[...]
</properties>
  <testcase name="testConsultWeatherBogotaHeroku" classname="edu.escuelaing.arem.clima.mainTest" time="1.53"/>
  <testcase name="testConsultWeatherBogota" classname="edu.escuelaing.arem.clima.mainTest" time="0.169"/>
  <testcase name="testGetPort" classname="edu.escuelaing.arem.clima.mainTest" time="0.001"/>
  <testcase name="testConsultWeatherLondon" classname="edu.escuelaing.arem.clima.mainTest" time="0.087"/>
  <testcase name="testConsultWeatherLondonHeroku" classname="edu.escuelaing.arem.clima.mainTest" time="0.443"/>
</testsuite>